GET /
GET /healthcheck
GET /
GET /
GET /favicon.ico
GET /healthcheck
GET /
GET /
app: GET /
app: GET /healthcheck
app: GET /
app: GET /favicon.ico
app: GET /healthcheck
app: GET /
app: GET /
app: GET /healthcheck
app: GET /favicon.ico
app: GET /api/users
app: GET /api/users
app: GET /api/users
app: GET /api/users
app: GET /api/users
app: GET /
app: GET /api/users
app: GET /api/users
app: GET /api/users
app: GET /api/users
app: GET /api/users
app: GET /api/users
app: GET /api/users
app: GET /api/users
app: GET /api/users
app: GET /api/users
app: GET /api/users
app: GET /api/users
app: GET /api/users
app: GET /api/users
app: GET /api/users
app: GET /api/users
app: GET /api/users
app: GET /api/users
app: GET /api/users
app: GET /api/users
app: GET /api/users
app: GET /api/users
app: GET /api/users
app: GET /api/users
app: GET /api/users
app: GET /
app: GET /healthcheck
app: GET /api/users
app: GET /api/users
app: GET /api/users
app: GET /api/users
app: GET /api/users
app: GET /api/users
app: GET /api/users
app: GET /api/users
app: GET /api/users
app: GET /api/users
app: GET /api/users
app: GET /api/users
app: GET /api/users
app: GET /api/users
app: GET /api/users
app: GET /api/users
app: GET /
app: GET /api/users
app: GET /api/users
app: GET /api/users
app: GET /api/users
app: GET /api/users
app: GET /api/users
app: GET /api/users
app: GET /api/users
app: GET /api/users
app: GET /api/users
app: GET /api/users
app: GET /api/users
app: GET /api/users
app: GET /api/users
app: GET /api/users
app: GET /api/users
app: GET /api/users
app: GET /api/users
app: GET /api/users
app: GET /api/users
app: GET /api/users
app: GET /api/users
app: GET /api/users
app: GET /api/users
app: GET /api/users
app: GET /api/users
app: GET /api/users
app: GET /api/users
app: GET /api/users
app: GET /api/users
app: GET /api/users
app: GET /api/users
app: GET /api/users
app: GET /api/users
app: GET /api/users
app: GET /
app: GET /api/users
app: GET /api/users
app: GET /api/users
app: GET /api/users
app: GET /api/users
app: GET /api/users
app: GET /api/users
app: GET /api/users
app: GET /api/users
app: GET /api/users
app: GET /api/users
app: GET /api/users
app: GET /api/users
app: GET /api/users
app: GET /api/users
app: GET /api/users
app: GET /api/users
app: GET /api/users
app: GET /api/users
app: GET /
app: GET /
app: GET /api/users
app: GET /favicon.ico
app: GET /api/users
app: POST /api/users
app: GET /api/users
app: GET /api/users
app: GET /api/users
app: POST /api/users
app: POST /api/users
app: GET /api/users
app: PUT /api/users/677ed423c6a7bae9f9ad811f
app: PUT /api/users/677ed423c6a7bae9f9ad811f
app: GET /api/users
app: DELETE /api/users/677aeaf0f524fc0cb08ccdbf
app: GET /api/users
app: POST /api/posts
app: POST /api/posts
app: GET /api/posts
app: POST /api/posts
app: POST /api/posts
app: POST /api/posts
app: POST /api/posts
app: POST /api/posts
app: GET /api/posts
app: PUT /api/posts/677edafdb0584d94781307c0
app: GET /api/posts
app: DELETE /api/posts/677ed9a4b0584d94781307b9
app: GET /api/posts
app: GET /
app: GET /api/users
app: GET /api/users
app: GET /api/v1/users
app: GET /api/v1/users/677ed318c6a7bae9f9ad8118
app: GET /api/v1/users/677ed318c6a7bae9f9ad8118/posts
app: GET /api/v1/users/677ed318c6a7bae9f9ad8118/posts
app: GET /api/v1/users/677ed318c6a7bae9f9ad8118/posts
app: GET /api/v1/users/677ed402c6a7bae9f9ad811d/posts
app: GET /api/v1/users/677ed423c6a7bae9f9ad811f/posts
app: GET /api/v1/users/677ed318c6a7bae9f9ad8118/posts
app: GET /api/v1/users/677ed402c6a7bae9f9ad811d/posts
app: GET /api/v1/users/677ed423c6a7bae9f9ad811f/posts
app: GET /
app: GET /api/v1/users/677ed318c6a7bae9f9ad8118
app: GET /api/v1/posts/677edad6b0584d94781307bd
